<?xml version="1.0" encoding="UTF-8"?>
<testng-results skipped="0" failed="0" ignored="0" total="1" passed="1">
  <reporter-output>
  </reporter-output>
  <suite name="com.test.LoginTest" duration-ms="6960" started-at="2020-04-16T11:53:54Z" finished-at="2020-04-16T11:54:01Z">
    <groups>
    </groups>
    <test name="Command line test" duration-ms="6960" started-at="2020-04-16T11:53:54Z" finished-at="2020-04-16T11:54:01Z">
      <class name="com.test.LoginTest">
        <test-method status="PASS" signature="userLogin()[pri:0, instance:com.test.LoginTest@3cda1055]" name="userLogin" duration-ms="6933" started-at="2020-04-16T11:53:55Z" finished-at="2020-04-16T11:54:01Z">
          <reporter-output>
          </reporter-output>
        </test-method> <!-- userLogin -->
      </class> <!-- com.test.LoginTest -->
    </test> <!-- Command line test -->
  </suite> <!-- com.test.LoginTest -->
</testng-results>
