<?xml version="1.0" encoding="UTF-8"?>
<testng-results skipped="0" failed="0" ignored="0" total="1" passed="1">
  <reporter-output>
  </reporter-output>
  <suite name=" login suite" duration-ms="5471" started-at="2020-04-16T09:13:30Z" finished-at="2020-04-16T09:13:36Z">
    <groups>
    </groups>
    <test name="login test" duration-ms="5471" started-at="2020-04-16T09:13:30Z" finished-at="2020-04-16T09:13:36Z">
      <class name="com.test.LoginTest">
        <test-method status="PASS" signature="userLogin()[pri:0, instance:com.test.LoginTest@59f99ea]" name="userLogin" duration-ms="5457" started-at="2020-04-16T09:13:30Z" finished-at="2020-04-16T09:13:36Z">
          <reporter-output>
          </reporter-output>
        </test-method> <!-- userLogin -->
      </class> <!-- com.test.LoginTest -->
    </test> <!-- login test -->
  </suite> <!--  login suite -->
</testng-results>
